

Started GET "/assets/rails.png" for 127.0.0.1 at 2012-08-22 00:32:29 -0300
Connecting to database specified by database.yml
Served asset /rails.png - 200 OK (5ms)


Started GET "/assets/rails.png" for 127.0.0.1 at 2012-08-22 00:32:33 -0300
Served asset /rails.png - 304 Not Modified (0ms)


Started GET "/assets/rails.png" for 127.0.0.1 at 2012-08-22 00:33:37 -0300
Served asset /rails.png - 304 Not Modified (0ms)
Connecting to database specified by database.yml
  [1m[36m (0.2ms)[0m  [1mselect sqlite_version(*)[0m
  [1m[35m (2.0ms)[0m  CREATE TABLE "schema_migrations" ("version" varchar(255) NOT NULL) 
  [1m[36m (0.1ms)[0m  [1mPRAGMA index_list("schema_migrations")[0m
  [1m[35m (1.8ms)[0m  CREATE UNIQUE INDEX "unique_schema_migrations" ON "schema_migrations" ("version")
  [1m[36m (0.1ms)[0m  [1mSELECT "schema_migrations"."version" FROM "schema_migrations" [0m
Connecting to database specified by database.yml
  [1m[36m (0.3ms)[0m  [1mselect sqlite_version(*)[0m
  [1m[35m (0.1ms)[0m  SELECT "schema_migrations"."version" FROM "schema_migrations" 
Connecting to database specified by database.yml
  [1m[36m (0.1ms)[0m  [1mSELECT "schema_migrations"."version" FROM "schema_migrations" [0m
  [1m[35m (0.1ms)[0m  select sqlite_version(*)
  [1m[36m (2.7ms)[0m  [1mCREATE TABLE "schema_migrations" ("version" varchar(255) NOT NULL) [0m
  [1m[35m (0.1ms)[0m  PRAGMA index_list("schema_migrations")
  [1m[36m (1.5ms)[0m  [1mCREATE UNIQUE INDEX "unique_schema_migrations" ON "schema_migrations" ("version")[0m
  [1m[35m (0.1ms)[0m  SELECT version FROM "schema_migrations"
  [1m[36m (1.6ms)[0m  [1mINSERT INTO "schema_migrations" (version) VALUES ('0')[0m


Started GET "/assets/rails.png" for 127.0.0.1 at 2012-08-22 00:34:27 -0300
Served asset /rails.png - 304 Not Modified (0ms)
Connecting to database specified by database.yml
  [1m[36m (0.1ms)[0m  [1mSELECT "schema_migrations"."version" FROM "schema_migrations" [0m
  [1m[35m (0.1ms)[0m  select sqlite_version(*)
  [1m[36m (2.9ms)[0m  [1mCREATE TABLE "schema_migrations" ("version" varchar(255) NOT NULL) [0m
  [1m[35m (0.0ms)[0m  PRAGMA index_list("schema_migrations")
  [1m[36m (1.8ms)[0m  [1mCREATE UNIQUE INDEX "unique_schema_migrations" ON "schema_migrations" ("version")[0m
  [1m[35m (0.1ms)[0m  SELECT version FROM "schema_migrations"
  [1m[36m (1.2ms)[0m  [1mINSERT INTO "schema_migrations" (version) VALUES ('0')[0m
Connecting to database specified by database.yml
Connecting to database specified by database.yml
  [1m[36m (0.1ms)[0m  [1mSELECT "schema_migrations"."version" FROM "schema_migrations" [0m
Migrating to CreateUsuarios (20120822034843)
  [1m[35m (0.0ms)[0m  select sqlite_version(*)
  [1m[36m (0.0ms)[0m  [1mbegin transaction[0m
  [1m[35m (0.1ms)[0m  rollback transaction
Connecting to database specified by database.yml
  [1m[36m (0.1ms)[0m  [1mSELECT "schema_migrations"."version" FROM "schema_migrations" [0m
Migrating to CreateUsuarios (20120822034843)
  [1m[35m (0.0ms)[0m  select sqlite_version(*)
  [1m[36m (0.0ms)[0m  [1mbegin transaction[0m
  [1m[35m (0.1ms)[0m  rollback transaction
Connecting to database specified by database.yml
  [1m[36m (0.1ms)[0m  [1mSELECT "schema_migrations"."version" FROM "schema_migrations" [0m
Migrating to CreateUsuarios (20120822034843)
  [1m[35m (0.0ms)[0m  select sqlite_version(*)
  [1m[36m (0.0ms)[0m  [1mbegin transaction[0m
  [1m[35m (0.6ms)[0m  CREATE TABLE "usuarios" ("id" INTEGER PRIMARY KEY AUTOINCREMENT NOT NULL, "nome" varchar(255), "sobrenome" varchar(255), "email" varchar(255), "senha" varchar(255), "created_at" datetime NOT NULL, "updated_at" datetime NOT NULL) 
  [1m[36m (0.2ms)[0m  [1mINSERT INTO "schema_migrations" ("version") VALUES ('20120822034843')[0m
  [1m[35m (2.6ms)[0m  commit transaction
  [1m[36m (0.3ms)[0m  [1mselect sqlite_version(*)[0m
  [1m[35m (0.1ms)[0m  SELECT "schema_migrations"."version" FROM "schema_migrations" 
  [1m[36m (0.0ms)[0m  [1mPRAGMA index_list("usuarios")[0m


Started GET "/assets/rails.png" for 127.0.0.1 at 2012-08-22 00:49:49 -0300
Served asset /rails.png - 304 Not Modified (0ms)


Started GET "/usuarios" for 127.0.0.1 at 2012-08-22 00:49:55 -0300
Processing by UsuariosController#index as HTML
  [1m[36mUsuario Load (0.1ms)[0m  [1mSELECT "usuarios".* FROM "usuarios" [0m
  Rendered usuarios/index.html.erb within layouts/application (3.2ms)
Compiled scaffolds.css  (56ms)  (pid 10664)
Compiled usuarios.css  (1ms)  (pid 10664)
Compiled application.css  (74ms)  (pid 10664)
Compiled jquery.js  (31ms)  (pid 10664)
Compiled jquery_ujs.js  (0ms)  (pid 10664)
Compiled usuarios.js  (565ms)  (pid 10664)
Compiled application.js  (653ms)  (pid 10664)
Completed 200 OK in 873ms (Views: 841.0ms | ActiveRecord: 2.4ms)


Started GET "/assets/usuarios.css?body=1" for 127.0.0.1 at 2012-08-22 00:49:56 -0300
Served asset /usuarios.css - 200 OK (1ms)


Started GET "/assets/usuarios.js?body=1" for 127.0.0.1 at 2012-08-22 00:49:56 -0300
Served asset /usuarios.js - 200 OK (1ms)


Started GET "/assets/application.css?body=1" for 127.0.0.1 at 2012-08-22 00:49:56 -0300
Served asset /application.css - 200 OK (3ms)


Started GET "/assets/jquery.js?body=1" for 127.0.0.1 at 2012-08-22 00:49:56 -0300
Served asset /jquery.js - 304 Not Modified (2ms)


Started GET "/assets/scaffolds.css?body=1" for 127.0.0.1 at 2012-08-22 00:49:56 -0300
Served asset /scaffolds.css - 200 OK (1ms)


Started GET "/assets/jquery_ujs.js?body=1" for 127.0.0.1 at 2012-08-22 00:49:56 -0300
Served asset /jquery_ujs.js - 304 Not Modified (2ms)


Started GET "/assets/application.js?body=1" for 127.0.0.1 at 2012-08-22 00:49:56 -0300
Served asset /application.js - 200 OK (5ms)


Started GET "/usuarios/new" for 127.0.0.1 at 2012-08-22 00:50:01 -0300
Processing by UsuariosController#new as HTML
  Rendered usuarios/_form.html.erb (27.0ms)
  Rendered usuarios/new.html.erb within layouts/application (52.4ms)
Completed 200 OK in 65ms (Views: 57.5ms | ActiveRecord: 0.0ms)


Started GET "/assets/jquery.js?body=1" for 127.0.0.1 at 2012-08-22 00:50:01 -0300
Served asset /jquery.js - 304 Not Modified (0ms)


Started GET "/assets/jquery_ujs.js?body=1" for 127.0.0.1 at 2012-08-22 00:50:01 -0300
Served asset /jquery_ujs.js - 304 Not Modified (0ms)


Started POST "/usuarios" for 127.0.0.1 at 2012-08-22 00:50:18 -0300
Processing by UsuariosController#create as HTML
  Parameters: {"utf8"=>"✓", "authenticity_token"=>"aCQ8T2Xa0CzGhlyFspfhFTc2DFe+/SROaXhAoF08a4U=", "usuario"=>{"nome"=>"Rodrigo", "sobrenome"=>"Gomes", "email"=>"jisusbh@gmail.com", "senha"=>"teste"}, "commit"=>"Create Usuario"}
  [1m[35m (0.1ms)[0m  begin transaction
  [1m[36mSQL (59.0ms)[0m  [1mINSERT INTO "usuarios" ("created_at", "email", "nome", "senha", "sobrenome", "updated_at") VALUES (?, ?, ?, ?, ?, ?)[0m  [["created_at", Wed, 22 Aug 2012 03:50:18 UTC +00:00], ["email", "jisusbh@gmail.com"], ["nome", "Rodrigo"], ["senha", "teste"], ["sobrenome", "Gomes"], ["updated_at", Wed, 22 Aug 2012 03:50:18 UTC +00:00]]
  [1m[35m (1.6ms)[0m  commit transaction
Redirected to http://localhost:3000/usuarios/1
Completed 302 Found in 65ms (ActiveRecord: 60.8ms)


Started GET "/usuarios/1" for 127.0.0.1 at 2012-08-22 00:50:18 -0300
Processing by UsuariosController#show as HTML
  Parameters: {"id"=>"1"}
  [1m[36mUsuario Load (0.3ms)[0m  [1mSELECT "usuarios".* FROM "usuarios" WHERE "usuarios"."id" = ? LIMIT 1[0m  [["id", "1"]]
  Rendered usuarios/show.html.erb within layouts/application (31.1ms)
Completed 200 OK in 39ms (Views: 36.2ms | ActiveRecord: 0.3ms)


Started GET "/assets/usuarios.css?body=1" for 127.0.0.1 at 2012-08-22 00:50:18 -0300
Served asset /usuarios.css - 304 Not Modified (0ms)


Started GET "/assets/scaffolds.css?body=1" for 127.0.0.1 at 2012-08-22 00:50:18 -0300
Served asset /scaffolds.css - 304 Not Modified (0ms)


Started GET "/assets/jquery.js?body=1" for 127.0.0.1 at 2012-08-22 00:50:18 -0300
Served asset /jquery.js - 304 Not Modified (0ms)


Started GET "/assets/jquery_ujs.js?body=1" for 127.0.0.1 at 2012-08-22 00:50:18 -0300
Served asset /jquery_ujs.js - 304 Not Modified (0ms)


Started GET "/assets/usuarios.js?body=1" for 127.0.0.1 at 2012-08-22 00:50:18 -0300
Served asset /usuarios.js - 304 Not Modified (0ms)


Started GET "/usuarios" for 127.0.0.1 at 2012-08-22 00:50:20 -0300
Processing by UsuariosController#index as HTML
  [1m[35mUsuario Load (0.2ms)[0m  SELECT "usuarios".* FROM "usuarios" 
  Rendered usuarios/index.html.erb within layouts/application (1.3ms)
Completed 200 OK in 10ms (Views: 9.0ms | ActiveRecord: 0.2ms)


Started GET "/assets/scaffolds.css?body=1" for 127.0.0.1 at 2012-08-22 00:50:20 -0300
Served asset /scaffolds.css - 304 Not Modified (0ms)


Started GET "/assets/jquery.js?body=1" for 127.0.0.1 at 2012-08-22 00:50:20 -0300
Served asset /jquery.js - 304 Not Modified (0ms)


Started GET "/assets/usuarios.js?body=1" for 127.0.0.1 at 2012-08-22 00:50:20 -0300
Served asset /usuarios.js - 304 Not Modified (0ms)


Started GET "/assets/jquery_ujs.js?body=1" for 127.0.0.1 at 2012-08-22 00:50:20 -0300
Served asset /jquery_ujs.js - 304 Not Modified (0ms)


Started GET "/assets/usuarios.css?body=1" for 127.0.0.1 at 2012-08-22 00:50:20 -0300
Served asset /usuarios.css - 304 Not Modified (0ms)


Started GET "/usuarios/1" for 127.0.0.1 at 2012-08-22 00:50:22 -0300
Processing by UsuariosController#show as HTML
  Parameters: {"id"=>"1"}
  [1m[36mUsuario Load (0.1ms)[0m  [1mSELECT "usuarios".* FROM "usuarios" WHERE "usuarios"."id" = ? LIMIT 1[0m  [["id", "1"]]
  Rendered usuarios/show.html.erb within layouts/application (0.7ms)
Completed 200 OK in 6ms (Views: 5.2ms | ActiveRecord: 0.1ms)


Started GET "/assets/scaffolds.css?body=1" for 127.0.0.1 at 2012-08-22 00:50:22 -0300
Served asset /scaffolds.css - 304 Not Modified (0ms)


Started GET "/assets/jquery_ujs.js?body=1" for 127.0.0.1 at 2012-08-22 00:50:22 -0300
Served asset /jquery_ujs.js - 304 Not Modified (0ms)


Started GET "/assets/usuarios.js?body=1" for 127.0.0.1 at 2012-08-22 00:50:22 -0300
Served asset /usuarios.js - 304 Not Modified (0ms)


Started GET "/assets/usuarios.css?body=1" for 127.0.0.1 at 2012-08-22 00:50:22 -0300
Served asset /usuarios.css - 304 Not Modified (0ms)


Started GET "/assets/jquery.js?body=1" for 127.0.0.1 at 2012-08-22 00:50:22 -0300
Served asset /jquery.js - 304 Not Modified (0ms)


Started GET "/usuarios" for 127.0.0.1 at 2012-08-22 00:50:23 -0300
Processing by UsuariosController#index as HTML
  [1m[35mUsuario Load (0.2ms)[0m  SELECT "usuarios".* FROM "usuarios" 
  Rendered usuarios/index.html.erb within layouts/application (1.2ms)
Completed 200 OK in 7ms (Views: 5.8ms | ActiveRecord: 0.2ms)


Started GET "/assets/jquery_ujs.js?body=1" for 127.0.0.1 at 2012-08-22 00:50:23 -0300
Served asset /jquery_ujs.js - 304 Not Modified (0ms)


Started GET "/assets/usuarios.css?body=1" for 127.0.0.1 at 2012-08-22 00:50:23 -0300
Served asset /usuarios.css - 304 Not Modified (0ms)


Started GET "/assets/jquery.js?body=1" for 127.0.0.1 at 2012-08-22 00:50:23 -0300
Served asset /jquery.js - 304 Not Modified (0ms)


Started GET "/assets/scaffolds.css?body=1" for 127.0.0.1 at 2012-08-22 00:50:23 -0300
Served asset /scaffolds.css - 304 Not Modified (0ms)


Started GET "/assets/usuarios.js?body=1" for 127.0.0.1 at 2012-08-22 00:50:23 -0300
Served asset /usuarios.js - 304 Not Modified (0ms)


Started GET "/usuarios.json" for 127.0.0.1 at 2012-08-22 00:50:27 -0300
Processing by UsuariosController#index as JSON
  [1m[36mUsuario Load (0.2ms)[0m  [1mSELECT "usuarios".* FROM "usuarios" [0m
Completed 200 OK in 2ms (Views: 0.8ms | ActiveRecord: 0.2ms)
Connecting to database specified by database.yml


Started GET "/usuarios" for 127.0.0.1 at 2012-08-22 00:57:51 -0300
Processing by UsuariosController#index as HTML
  [1m[35mUsuario Load (0.3ms)[0m  SELECT "usuarios".* FROM "usuarios" 
  Rendered usuarios/index.html.erb within layouts/application (2.2ms)
Completed 200 OK in 9ms (Views: 7.4ms | ActiveRecord: 0.3ms)


Started GET "/assets/scaffolds.css?body=1" for 127.0.0.1 at 2012-08-22 00:57:51 -0300
Served asset /scaffolds.css - 304 Not Modified (0ms)


Started GET "/assets/jquery.js?body=1" for 127.0.0.1 at 2012-08-22 00:57:51 -0300
Served asset /jquery.js - 304 Not Modified (0ms)


Started GET "/assets/application.css?body=1" for 127.0.0.1 at 2012-08-22 00:57:51 -0300
Served asset /application.css - 304 Not Modified (0ms)


Started GET "/assets/usuarios.css?body=1" for 127.0.0.1 at 2012-08-22 00:57:51 -0300
Served asset /usuarios.css - 304 Not Modified (0ms)


Started GET "/assets/jquery_ujs.js?body=1" for 127.0.0.1 at 2012-08-22 00:57:51 -0300
Served asset /jquery_ujs.js - 304 Not Modified (0ms)


Started GET "/assets/usuarios.js?body=1" for 127.0.0.1 at 2012-08-22 00:57:51 -0300
Served asset /usuarios.js - 304 Not Modified (0ms)


Started GET "/assets/application.js?body=1" for 127.0.0.1 at 2012-08-22 00:57:51 -0300
Served asset /application.js - 304 Not Modified (0ms)


Started DELETE "/usuarios/2" for 127.0.0.1 at 2012-08-22 00:57:56 -0300
Processing by UsuariosController#destroy as HTML
  Parameters: {"authenticity_token"=>"aCQ8T2Xa0CzGhlyFspfhFTc2DFe+/SROaXhAoF08a4U=", "id"=>"2"}
  [1m[36mUsuario Load (0.2ms)[0m  [1mSELECT "usuarios".* FROM "usuarios" WHERE "usuarios"."id" = ? LIMIT 1[0m  [["id", "2"]]
  [1m[35m (0.1ms)[0m  begin transaction
  [1m[36mSQL (0.4ms)[0m  [1mDELETE FROM "usuarios" WHERE "usuarios"."id" = ?[0m  [["id", 2]]
  [1m[35m (2.8ms)[0m  commit transaction
Redirected to http://localhost:3000/usuarios
Completed 302 Found in 8ms (ActiveRecord: 3.4ms)


Started GET "/usuarios" for 127.0.0.1 at 2012-08-22 00:57:56 -0300
Processing by UsuariosController#index as HTML
  [1m[36mUsuario Load (0.2ms)[0m  [1mSELECT "usuarios".* FROM "usuarios" [0m
  Rendered usuarios/index.html.erb within layouts/application (1.3ms)
Completed 200 OK in 8ms (Views: 6.5ms | ActiveRecord: 0.2ms)


Started GET "/assets/application.css?body=1" for 127.0.0.1 at 2012-08-22 00:57:56 -0300
Served asset /application.css - 304 Not Modified (0ms)


Started GET "/assets/jquery_ujs.js?body=1" for 127.0.0.1 at 2012-08-22 00:57:56 -0300
Served asset /jquery_ujs.js - 304 Not Modified (0ms)


Started GET "/assets/scaffolds.css?body=1" for 127.0.0.1 at 2012-08-22 00:57:56 -0300
Served asset /scaffolds.css - 304 Not Modified (0ms)


Started GET "/assets/usuarios.css?body=1" for 127.0.0.1 at 2012-08-22 00:57:56 -0300
Served asset /usuarios.css - 304 Not Modified (0ms)


Started GET "/assets/usuarios.js?body=1" for 127.0.0.1 at 2012-08-22 00:57:56 -0300
Served asset /usuarios.js - 304 Not Modified (0ms)


Started GET "/assets/jquery.js?body=1" for 127.0.0.1 at 2012-08-22 00:57:56 -0300
Served asset /jquery.js - 304 Not Modified (0ms)


Started GET "/assets/application.js?body=1" for 127.0.0.1 at 2012-08-22 00:57:56 -0300
Served asset /application.js - 304 Not Modified (0ms)


Started GET "/usuarios" for 127.0.0.1 at 2012-08-22 00:58:35 -0300
Processing by UsuariosController#index as HTML
  [1m[35mUsuario Load (0.2ms)[0m  SELECT "usuarios".* FROM "usuarios" 
  Rendered usuarios/index.html.erb within layouts/application (1.3ms)
Completed 200 OK in 7ms (Views: 6.1ms | ActiveRecord: 0.2ms)


Started GET "/assets/scaffolds.css?body=1" for 127.0.0.1 at 2012-08-22 00:58:35 -0300
Served asset /scaffolds.css - 304 Not Modified (0ms)


Started GET "/assets/application.css?body=1" for 127.0.0.1 at 2012-08-22 00:58:35 -0300
Served asset /application.css - 304 Not Modified (0ms)


Started GET "/assets/usuarios.css?body=1" for 127.0.0.1 at 2012-08-22 00:58:35 -0300
Served asset /usuarios.css - 304 Not Modified (0ms)


Started GET "/assets/jquery.js?body=1" for 127.0.0.1 at 2012-08-22 00:58:35 -0300
Served asset /jquery.js - 304 Not Modified (0ms)


Started GET "/assets/jquery_ujs.js?body=1" for 127.0.0.1 at 2012-08-22 00:58:35 -0300
Served asset /jquery_ujs.js - 304 Not Modified (0ms)


Started GET "/assets/usuarios.js?body=1" for 127.0.0.1 at 2012-08-22 00:58:35 -0300
Served asset /usuarios.js - 304 Not Modified (0ms)


Started GET "/assets/application.js?body=1" for 127.0.0.1 at 2012-08-22 00:58:35 -0300
Served asset /application.js - 304 Not Modified (0ms)


Started GET "/usuarios/1/edit" for 127.0.0.1 at 2012-08-22 01:00:17 -0300
Processing by UsuariosController#edit as HTML
  Parameters: {"id"=>"1"}
  [1m[36mUsuario Load (0.1ms)[0m  [1mSELECT "usuarios".* FROM "usuarios" WHERE "usuarios"."id" = ? LIMIT 1[0m  [["id", "1"]]
  Rendered usuarios/_form.html.erb (3.5ms)
  Rendered usuarios/edit.html.erb within layouts/application (5.2ms)
Completed 200 OK in 12ms (Views: 10.2ms | ActiveRecord: 0.1ms)


Started GET "/assets/application.css?body=1" for 127.0.0.1 at 2012-08-22 01:00:17 -0300
Served asset /application.css - 304 Not Modified (0ms)


Started GET "/assets/scaffolds.css?body=1" for 127.0.0.1 at 2012-08-22 01:00:18 -0300
Served asset /scaffolds.css - 304 Not Modified (0ms)


Started GET "/assets/usuarios.css?body=1" for 127.0.0.1 at 2012-08-22 01:00:18 -0300
Served asset /usuarios.css - 304 Not Modified (0ms)


Started GET "/assets/jquery.js?body=1" for 127.0.0.1 at 2012-08-22 01:00:18 -0300
Served asset /jquery.js - 304 Not Modified (0ms)


Started GET "/assets/usuarios.js?body=1" for 127.0.0.1 at 2012-08-22 01:00:18 -0300
Served asset /usuarios.js - 304 Not Modified (0ms)


Started GET "/assets/jquery_ujs.js?body=1" for 127.0.0.1 at 2012-08-22 01:00:18 -0300
Served asset /jquery_ujs.js - 304 Not Modified (0ms)


Started GET "/assets/application.js?body=1" for 127.0.0.1 at 2012-08-22 01:00:18 -0300
Served asset /application.js - 304 Not Modified (0ms)


Started GET "/usuarios" for 127.0.0.1 at 2012-08-22 01:00:36 -0300
Processing by UsuariosController#index as HTML
  [1m[35mUsuario Load (0.2ms)[0m  SELECT "usuarios".* FROM "usuarios" 
  Rendered usuarios/index.html.erb within layouts/application (1.2ms)
Completed 200 OK in 7ms (Views: 5.8ms | ActiveRecord: 0.2ms)


Started GET "/assets/application.css?body=1" for 127.0.0.1 at 2012-08-22 01:00:36 -0300
Served asset /application.css - 304 Not Modified (0ms)


Started GET "/assets/application.js?body=1" for 127.0.0.1 at 2012-08-22 01:00:36 -0300
Served asset /application.js - 304 Not Modified (0ms)


Started GET "/assets/jquery.js?body=1" for 127.0.0.1 at 2012-08-22 01:00:36 -0300
Served asset /jquery.js - 304 Not Modified (0ms)


Started GET "/assets/usuarios.css?body=1" for 127.0.0.1 at 2012-08-22 01:00:36 -0300
Served asset /usuarios.css - 304 Not Modified (0ms)


Started GET "/assets/scaffolds.css?body=1" for 127.0.0.1 at 2012-08-22 01:00:36 -0300
Served asset /scaffolds.css - 304 Not Modified (0ms)


Started GET "/assets/usuarios.js?body=1" for 127.0.0.1 at 2012-08-22 01:00:36 -0300
Served asset /usuarios.js - 304 Not Modified (0ms)


Started GET "/usuarios/new" for 127.0.0.1 at 2012-08-22 01:00:38 -0300
Processing by UsuariosController#new as HTML
  Rendered usuarios/_form.html.erb (3.0ms)
  Rendered usuarios/new.html.erb within layouts/application (4.0ms)
Completed 200 OK in 9ms (Views: 8.5ms | ActiveRecord: 0.0ms)


Started GET "/assets/jquery_ujs.js?body=1" for 127.0.0.1 at 2012-08-22 01:00:38 -0300
Served asset /jquery_ujs.js - 200 OK (0ms)


Started GET "/assets/usuarios.css?body=1" for 127.0.0.1 at 2012-08-22 01:00:38 -0300
Served asset /usuarios.css - 304 Not Modified (0ms)


Started GET "/assets/usuarios.js?body=1" for 127.0.0.1 at 2012-08-22 01:00:38 -0300
Served asset /usuarios.js - 304 Not Modified (0ms)


Started GET "/assets/jquery.js?body=1" for 127.0.0.1 at 2012-08-22 01:00:38 -0300
Served asset /jquery.js - 304 Not Modified (0ms)


Started GET "/assets/scaffolds.css?body=1" for 127.0.0.1 at 2012-08-22 01:00:38 -0300
Served asset /scaffolds.css - 304 Not Modified (1ms)


Started GET "/assets/application.css?body=1" for 127.0.0.1 at 2012-08-22 01:00:38 -0300
Served asset /application.css - 304 Not Modified (0ms)


Started GET "/assets/application.js?body=1" for 127.0.0.1 at 2012-08-22 01:00:38 -0300
Served asset /application.js - 304 Not Modified (0ms)


Started GET "/usuarios" for 127.0.0.1 at 2012-08-22 01:00:39 -0300
Processing by UsuariosController#index as HTML
  [1m[36mUsuario Load (0.2ms)[0m  [1mSELECT "usuarios".* FROM "usuarios" [0m
  Rendered usuarios/index.html.erb within layouts/application (1.4ms)
Completed 200 OK in 7ms (Views: 6.2ms | ActiveRecord: 0.2ms)


Started GET "/assets/scaffolds.css?body=1" for 127.0.0.1 at 2012-08-22 01:00:39 -0300
Served asset /scaffolds.css - 304 Not Modified (0ms)


Started GET "/assets/usuarios.css?body=1" for 127.0.0.1 at 2012-08-22 01:00:39 -0300
Served asset /usuarios.css - 304 Not Modified (0ms)


Started GET "/assets/application.css?body=1" for 127.0.0.1 at 2012-08-22 01:00:39 -0300
Served asset /application.css - 304 Not Modified (0ms)


Started GET "/assets/usuarios.js?body=1" for 127.0.0.1 at 2012-08-22 01:00:39 -0300
Served asset /usuarios.js - 304 Not Modified (0ms)


Started GET "/assets/jquery.js?body=1" for 127.0.0.1 at 2012-08-22 01:00:39 -0300
Served asset /jquery.js - 304 Not Modified (0ms)


Started GET "/assets/application.js?body=1" for 127.0.0.1 at 2012-08-22 01:00:39 -0300
Served asset /application.js - 304 Not Modified (1ms)


Started GET "/usuarios" for 127.0.0.1 at 2012-08-22 01:02:31 -0300
Processing by UsuariosController#index as HTML
  [1m[35mUsuario Load (0.1ms)[0m  SELECT "usuarios".* FROM "usuarios" 
Completed 500 Internal Server Error in 11ms

RuntimeError (In order to use respond_with, first you need to declare the formats your controller responds to in the class level):
  app/controllers/usuarios_controller.rb:7:in `index'


  Rendered /Users/Jisus/.rvm/gems/ruby-1.9.3-p194@global/gems/actionpack-3.2.7/lib/action_dispatch/middleware/templates/rescues/_trace.erb (3.9ms)
  Rendered /Users/Jisus/.rvm/gems/ruby-1.9.3-p194@global/gems/actionpack-3.2.7/lib/action_dispatch/middleware/templates/rescues/_request_and_response.erb (1.5ms)
  Rendered /Users/Jisus/.rvm/gems/ruby-1.9.3-p194@global/gems/actionpack-3.2.7/lib/action_dispatch/middleware/templates/rescues/diagnostics.erb within rescues/layout (16.5ms)


Started GET "/usuarios" for 127.0.0.1 at 2012-08-22 01:02:52 -0300

SyntaxError (/Users/Jisus/Sites/dataquerida/app/controllers/usuarios_controller.rb:3: syntax error, unexpected ':', expecting keyword_end
  respond_to :html :json
                    ^):
  activesupport (3.2.7) lib/active_support/dependencies.rb:469:in `load'
  activesupport (3.2.7) lib/active_support/dependencies.rb:469:in `block in load_file'
  activesupport (3.2.7) lib/active_support/dependencies.rb:639:in `new_constants_in'
  activesupport (3.2.7) lib/active_support/dependencies.rb:468:in `load_file'
  activesupport (3.2.7) lib/active_support/dependencies.rb:353:in `require_or_load'
  activesupport (3.2.7) lib/active_support/dependencies.rb:502:in `load_missing_constant'
  activesupport (3.2.7) lib/active_support/dependencies.rb:192:in `block in const_missing'
  activesupport (3.2.7) lib/active_support/dependencies.rb:190:in `each'
  activesupport (3.2.7) lib/active_support/dependencies.rb:190:in `const_missing'
  activesupport (3.2.7) lib/active_support/inflector/methods.rb:230:in `block in constantize'
  activesupport (3.2.7) lib/active_support/inflector/methods.rb:229:in `each'
  activesupport (3.2.7) lib/active_support/inflector/methods.rb:229:in `constantize'
  activesupport (3.2.7) lib/active_support/dependencies.rb:554:in `get'
  actionpack (3.2.7) lib/action_dispatch/routing/route_set.rb:69:in `controller_reference'
  actionpack (3.2.7) lib/action_dispatch/routing/route_set.rb:54:in `controller'
  actionpack (3.2.7) lib/action_dispatch/routing/route_set.rb:32:in `call'
  journey (1.0.4) lib/journey/router.rb:68:in `block in call'
  journey (1.0.4) lib/journey/router.rb:56:in `each'
  journey (1.0.4) lib/journey/router.rb:56:in `call'
  actionpack (3.2.7) lib/action_dispatch/routing/route_set.rb:600:in `call'
  actionpack (3.2.7) lib/action_dispatch/middleware/best_standards_support.rb:17:in `call'
  rack (1.4.1) lib/rack/etag.rb:23:in `call'
  rack (1.4.1) lib/rack/conditionalget.rb:25:in `call'
  actionpack (3.2.7) lib/action_dispatch/middleware/head.rb:14:in `call'
  actionpack (3.2.7) lib/action_dispatch/middleware/params_parser.rb:21:in `call'
  actionpack (3.2.7) lib/action_dispatch/middleware/flash.rb:242:in `call'
  rack (1.4.1) lib/rack/session/abstract/id.rb:205:in `context'
  rack (1.4.1) lib/rack/session/abstract/id.rb:200:in `call'
  actionpack (3.2.7) lib/action_dispatch/middleware/cookies.rb:338:in `call'
  activerecord (3.2.7) lib/active_record/query_cache.rb:64:in `call'
  activerecord (3.2.7) lib/active_record/connection_adapters/abstract/connection_pool.rb:473:in `call'
  actionpack (3.2.7) lib/action_dispatch/middleware/callbacks.rb:28:in `block in call'
  activesupport (3.2.7) lib/active_support/callbacks.rb:405:in `_run__4189463634588308444__call__3206559264711876631__callbacks'
  activesupport (3.2.7) lib/active_support/callbacks.rb:405:in `__run_callback'
  activesupport (3.2.7) lib/active_support/callbacks.rb:385:in `_run_call_callbacks'
  activesupport (3.2.7) lib/active_support/callbacks.rb:81:in `run_callbacks'
  actionpack (3.2.7) lib/action_dispatch/middleware/callbacks.rb:27:in `call'
  actionpack (3.2.7) lib/action_dispatch/middleware/reloader.rb:65:in `call'
  actionpack (3.2.7) lib/action_dispatch/middleware/remote_ip.rb:31:in `call'
  actionpack (3.2.7) lib/action_dispatch/middleware/debug_exceptions.rb:16:in `call'
  actionpack (3.2.7) lib/action_dispatch/middleware/show_exceptions.rb:56:in `call'
  railties (3.2.7) lib/rails/rack/logger.rb:26:in `call_app'
  railties (3.2.7) lib/rails/rack/logger.rb:16:in `call'
  actionpack (3.2.7) lib/action_dispatch/middleware/request_id.rb:22:in `call'
  rack (1.4.1) lib/rack/methodoverride.rb:21:in `call'
  rack (1.4.1) lib/rack/runtime.rb:17:in `call'
  activesupport (3.2.7) lib/active_support/cache/strategy/local_cache.rb:72:in `call'
  rack (1.4.1) lib/rack/lock.rb:15:in `call'
  actionpack (3.2.7) lib/action_dispatch/middleware/static.rb:62:in `call'
  railties (3.2.7) lib/rails/engine.rb:479:in `call'
  railties (3.2.7) lib/rails/application.rb:220:in `call'
  rack (1.4.1) lib/rack/content_length.rb:14:in `call'
  railties (3.2.7) lib/rails/rack/log_tailer.rb:17:in `call'
  rack (1.4.1) lib/rack/handler/webrick.rb:59:in `service'
  /Users/Jisus/.rvm/rubies/ruby-1.9.3-p194/lib/ruby/1.9.1/webrick/httpserver.rb:138:in `service'
  /Users/Jisus/.rvm/rubies/ruby-1.9.3-p194/lib/ruby/1.9.1/webrick/httpserver.rb:94:in `run'
  /Users/Jisus/.rvm/rubies/ruby-1.9.3-p194/lib/ruby/1.9.1/webrick/server.rb:191:in `block in start_thread'


  Rendered /Users/Jisus/.rvm/gems/ruby-1.9.3-p194@global/gems/actionpack-3.2.7/lib/action_dispatch/middleware/templates/rescues/_trace.erb (2.7ms)
  Rendered /Users/Jisus/.rvm/gems/ruby-1.9.3-p194@global/gems/actionpack-3.2.7/lib/action_dispatch/middleware/templates/rescues/_request_and_response.erb (1.1ms)
  Rendered /Users/Jisus/.rvm/gems/ruby-1.9.3-p194@global/gems/actionpack-3.2.7/lib/action_dispatch/middleware/templates/rescues/diagnostics.erb within rescues/layout (10.5ms)
Connecting to database specified by database.yml
Connecting to database specified by database.yml
  [1m[36m (0.5ms)[0m  [1mSELECT "schema_migrations"."version" FROM "schema_migrations" [0m
Migrating to CreateUsuarios (20120822034843)
  [1m[35m (0.3ms)[0m  select sqlite_version(*)
  [1m[36m (0.1ms)[0m  [1mSELECT "schema_migrations"."version" FROM "schema_migrations" [0m
  [1m[35m (0.0ms)[0m  PRAGMA index_list("usuarios")


Started GET "/assets/rails.png" for 127.0.0.1 at 2012-10-16 20:03:43 -0300
Connecting to database specified by database.yml
Served asset /rails.png - 200 OK (12ms)


Started GET "/usuarios" for 127.0.0.1 at 2012-10-16 20:03:48 -0300
Processing by UsuariosController#index as HTML
  [1m[36mUsuario Load (22.0ms)[0m  [1mSELECT "usuarios".* FROM "usuarios" [0m
  Rendered usuarios/index.html.erb within layouts/application (5.3ms)
Completed 200 OK in 307ms (Views: 215.9ms | ActiveRecord: 23.9ms)


Started GET "/assets/application.css?body=1" for 127.0.0.1 at 2012-10-16 20:03:48 -0300
Served asset /application.css - 200 OK (4ms)


Started GET "/assets/scaffolds.css?body=1" for 127.0.0.1 at 2012-10-16 20:03:48 -0300
Served asset /scaffolds.css - 200 OK (2ms)


Started GET "/assets/jquery_ujs.js?body=1" for 127.0.0.1 at 2012-10-16 20:03:48 -0300
Served asset /jquery_ujs.js - 200 OK (2ms)


Started GET "/assets/usuarios.css?body=1" for 127.0.0.1 at 2012-10-16 20:03:48 -0300
Served asset /usuarios.css - 200 OK (1ms)


Started GET "/assets/application.js?body=1" for 127.0.0.1 at 2012-10-16 20:03:48 -0300
Served asset /application.js - 200 OK (5ms)


Started GET "/assets/jquery.js?body=1" for 127.0.0.1 at 2012-10-16 20:03:49 -0300
Served asset /jquery.js - 200 OK (2ms)


Started GET "/assets/usuarios.js?body=1" for 127.0.0.1 at 2012-10-16 20:03:49 -0300
Served asset /usuarios.js - 200 OK (31ms)


Started GET "/usuarios/1/edit" for 127.0.0.1 at 2012-10-16 20:03:55 -0300
Processing by UsuariosController#edit as HTML
  Parameters: {"id"=>"1"}
  [1m[35mUsuario Load (0.4ms)[0m  SELECT "usuarios".* FROM "usuarios" WHERE "usuarios"."id" = ? LIMIT 1  [["id", "1"]]
  Rendered usuarios/_form.html.erb (54.8ms)
  Rendered usuarios/edit.html.erb within layouts/application (77.5ms)
Completed 200 OK in 145ms (Views: 106.5ms | ActiveRecord: 0.4ms)


Started GET "/usuarios/1/edit" for 127.0.0.1 at 2012-10-16 20:03:55 -0300
Processing by UsuariosController#edit as HTML
  Parameters: {"id"=>"1"}
  [1m[36mUsuario Load (0.1ms)[0m  [1mSELECT "usuarios".* FROM "usuarios" WHERE "usuarios"."id" = ? LIMIT 1[0m  [["id", "1"]]
  Rendered usuarios/_form.html.erb (4.3ms)
  Rendered usuarios/edit.html.erb within layouts/application (7.6ms)
Completed 200 OK in 18ms (Views: 17.4ms | ActiveRecord: 0.1ms)


Started GET "/usuarios/1" for 127.0.0.1 at 2012-10-16 20:03:55 -0300
Processing by UsuariosController#show as HTML
  Parameters: {"id"=>"1"}
  [1m[35mUsuario Load (0.1ms)[0m  SELECT "usuarios".* FROM "usuarios" WHERE "usuarios"."id" = ? LIMIT 1  [["id", "1"]]
  Rendered usuarios/show.html.erb within layouts/application (1.3ms)
Completed 200 OK in 28ms (Views: 26.2ms | ActiveRecord: 0.1ms)


Started GET "/assets/jquery.js?body=1" for 127.0.0.1 at 2012-10-16 20:03:55 -0300
Served asset /jquery.js - 304 Not Modified (0ms)


Started GET "/usuarios/1" for 127.0.0.1 at 2012-10-16 20:09:07 -0300
Processing by UsuariosController#show as HTML
  Parameters: {"id"=>"1"}
  [1m[36mUsuario Load (0.5ms)[0m  [1mSELECT "usuarios".* FROM "usuarios" WHERE "usuarios"."id" = ? LIMIT 1[0m  [["id", "1"]]
  Rendered usuarios/show.html.erb within layouts/application (0.7ms)
Completed 200 OK in 8ms (Views: 6.5ms | ActiveRecord: 0.5ms)


Started GET "/assets/jquery.js?body=1" for 127.0.0.1 at 2012-10-16 20:09:07 -0300
Served asset /jquery.js - 304 Not Modified (0ms)


Started GET "/usuarios" for 127.0.0.1 at 2012-10-16 20:09:10 -0300
Processing by UsuariosController#index as HTML
  [1m[35mUsuario Load (0.3ms)[0m  SELECT "usuarios".* FROM "usuarios" 
  Rendered usuarios/index.html.erb within layouts/application (1.5ms)
Completed 200 OK in 8ms (Views: 7.1ms | ActiveRecord: 0.3ms)


Started GET "/assets/jquery.js?body=1" for 127.0.0.1 at 2012-10-16 20:09:10 -0300
Served asset /jquery.js - 304 Not Modified (0ms)
